{
  "RSpec": {
    "coverage": {
      "/Users/student/Makers/individual_challenges/tic-tac-toe/spec/display_spec.rb": {
        "lines": [
          1,
          null,
          1,
          2,
          1,
          1,
          1,
          null,
          1,
          null,
          null,
          null,
          2,
          null,
          null,
          null,
          null,
          null,
          null
        ]
      },
      "/Users/student/Makers/individual_challenges/tic-tac-toe/lib/display.rb": {
        "lines": [
          1,
          null,
          1,
          50,
          null,
          null,
          1,
          0,
          null,
          null,
          null,
          null,
          null,
          0,
          null,
          null,
          1,
          0,
          null,
          null,
          1,
          13,
          null,
          null,
          1,
          13,
          null,
          null,
          1,
          null,
          1,
          50,
          150,
          null,
          null,
          null,
          1,
          150,
          450,
          450,
          null,
          null,
          null
        ]
      },
      "/Users/student/Makers/individual_challenges/tic-tac-toe/spec/feature_spec.rb": {
        "lines": [
          1,
          1,
          1,
          1,
          1,
          1,
          null,
          1,
          14,
          1,
          1,
          1,
          2,
          null,
          null,
          1,
          1,
          2,
          null,
          null,
          1,
          1,
          2,
          null,
          null,
          1,
          1,
          2,
          null,
          null,
          1,
          1,
          2,
          null,
          null,
          1,
          1,
          2,
          null,
          null,
          1,
          1,
          2,
          null,
          null,
          1,
          1,
          2,
          null,
          null,
          1,
          1,
          2,
          null,
          null,
          1,
          1,
          2,
          null,
          null,
          1,
          1,
          2,
          null,
          null,
          1,
          1,
          2,
          null,
          null,
          1,
          1,
          2,
          null,
          null,
          null
        ]
      },
      "/Users/student/Makers/individual_challenges/tic-tac-toe/lib/app.rb": {
        "lines": [
          1,
          null,
          1,
          1,
          13,
          13,
          null,
          null,
          1,
          13,
          13,
          54,
          54,
          null,
          0,
          null,
          4,
          null,
          50,
          49,
          null,
          49,
          null,
          13,
          null,
          null,
          1,
          null,
          null,
          null,
          null,
          null,
          null,
          null,
          null,
          null,
          null,
          null,
          null,
          null,
          null,
          null,
          null
        ]
      },
      "/Users/student/Makers/individual_challenges/tic-tac-toe/lib/player.rb": {
        "lines": [
          1,
          null,
          1,
          1,
          26,
          null,
          null
        ]
      },
      "/Users/student/Makers/individual_challenges/tic-tac-toe/lib/tic_tac_toe.rb": {
        "lines": [
          1,
          null,
          1,
          13,
          13,
          null,
          null,
          1,
          49,
          49,
          null,
          null,
          1,
          50,
          null,
          null,
          1,
          49,
          null,
          null
        ]
      },
      "/Users/student/Makers/individual_challenges/tic-tac-toe/lib/players.rb": {
        "lines": [
          1,
          null,
          1,
          13,
          null,
          null,
          1,
          49,
          null,
          null,
          1,
          49,
          null,
          null,
          1,
          49,
          null,
          null
        ]
      },
      "/Users/student/Makers/individual_challenges/tic-tac-toe/lib/board.rb": {
        "lines": [
          1,
          null,
          1,
          13,
          13,
          null,
          null,
          1,
          49,
          49,
          null,
          null,
          1,
          50,
          null,
          null,
          1,
          49,
          null,
          null,
          1,
          null,
          1,
          null,
          1,
          99,
          null,
          null,
          1,
          99,
          null,
          null,
          1,
          49,
          null,
          null,
          1,
          49,
          141,
          null,
          42,
          null,
          null,
          1,
          42,
          41,
          null,
          null,
          1,
          137,
          null,
          null,
          1,
          141,
          null,
          null,
          1,
          98,
          null,
          null,
          1,
          52,
          null,
          null
        ]
      }
    },
    "timestamp": 1611356014
  }
}
